<?xml version="1.0" encoding="UTF-8"?>
<!-- Generated by org.testng.reporters.JUnitXMLReporter -->
<testsuite ignored="2" hostname="DESKTOP-3F1EOJO" failures="0" tests="5" name="Car Loan" time="0.019" errors="0" timestamp="2023-12-08T10:49:26 SAST">
  <testcase classname="test.day3" name="MobileSigoutcarLoan" time="0.002"/>
  <testcase classname="test.day3" name="MobileSigoutcarLoan" time="0.0"/>
  <testcase classname="test.day3" name="MobileSigoutcarLoan" time="0.001"/>
  <testcase classname="test.day3" name="MobilelogincarLoan" time="0.001"/>
  <testcase classname="test.day3" name="weblogincarLoan" time="0.001"/>
  <testcase classname="test.day3" name="APIcarLoan" time="0.0">
    <ignored/>
  </testcase> <!-- APIcarLoan -->
  <testcase classname="test.day3" name="MobileSignincarLoan" time="0.0">
    <ignored/>
  </testcase> <!-- MobileSignincarLoan -->
</testsuite> <!-- Car Loan -->
