<?xml version="1.0" encoding="UTF-8"?>
<!-- Generated by org.testng.reporters.JUnitXMLReporter -->
<testsuite ignored="1" hostname="DESKTOP-3F1EOJO" failures="0" tests="5" name="Personal Loan" time="0.045" errors="0" timestamp="2023-12-08T10:49:26 SAST">
  <testcase classname="test.day1" name="Demo" time="0.004"/>
  <testcase classname="test.day2" name="ploan" time="0.001"/>
  <testcase classname="test.day4" name="LoginAPIhomeLoan" time="0.002"/>
  <testcase classname="test.day4" name="MobileloginhomeLoan" time="0.001"/>
  <testcase classname="test.day4" name="webloginHome" time="0.001"/>
  <testcase classname="test.day1" name="SecondTest" time="0.0">
    <ignored/>
  </testcase> <!-- SecondTest -->
</testsuite> <!-- Personal Loan -->
