<?xml version="1.0" encoding="UTF-8"?>
<!-- Generated by org.testng.reporters.JUnitXMLReporter -->
<testsuite ignored="8" hostname="DESKTOP-3F1EOJO" failures="0" tests="3" name="Regression" time="0.041" errors="0" timestamp="2023-12-08T09:56:40 SAST">
  <testcase classname="test.day2" name="ploan" time="0.007"/>
  <testcase classname="test.day4" name="MobileloginhomeLoan" time="0.001"/>
  <testcase classname="test.day3" name="MobilelogincarLoan" time="0.001"/>
  <testcase classname="test.day3" name="APIcarLoan" time="0.0">
    <ignored/>
  </testcase> <!-- APIcarLoan -->
  <testcase classname="test.day3" name="MobileSigoutcarLoan" time="0.0">
    <ignored/>
  </testcase> <!-- MobileSigoutcarLoan -->
  <testcase classname="test.day4" name="LoginAPIhomeLoan" time="0.0">
    <ignored/>
  </testcase> <!-- LoginAPIhomeLoan -->
  <testcase classname="test.day1" name="SecondTest" time="0.0">
    <ignored/>
  </testcase> <!-- SecondTest -->
  <testcase classname="test.day4" name="webloginHome" time="0.0">
    <ignored/>
  </testcase> <!-- webloginHome -->
  <testcase classname="test.day3" name="weblogincarLoan" time="0.0">
    <ignored/>
  </testcase> <!-- weblogincarLoan -->
  <testcase classname="test.day1" name="Demo" time="0.0">
    <ignored/>
  </testcase> <!-- Demo -->
  <testcase classname="test.day3" name="MobileSignincarLoan" time="0.0">
    <ignored/>
  </testcase> <!-- MobileSignincarLoan -->
</testsuite> <!-- Regression -->
