<?xml version="1.0" encoding="UTF-8"?>
<testng-results ignored="3" total="13" passed="10" failed="0" skipped="0">
  <reporter-output>
  </reporter-output>
  <suite started-at="2023-12-08T10:49:26 SAST" name="Loan Department" finished-at="2023-12-08T10:49:26 SAST" duration-ms="139">
    <groups>
      <group name="Smoke">
        <method signature="day2.ploan()[pri:0, instance:test.day2@2a54a73f]" name="ploan" class="test.day2"/>
        <method signature="day4.MobileloginhomeLoan()[pri:0, instance:test.day4@16a0ee18]" name="MobileloginhomeLoan" class="test.day4"/>
        <method signature="day3.MobilelogincarLoan()[pri:0, instance:test.day3@3cebbb30]" name="MobilelogincarLoan" class="test.day3"/>
      </group> <!-- Smoke -->
    </groups>
    <test started-at="2023-12-08T10:49:26 SAST" name="Personal Loan" finished-at="2023-12-08T10:49:26 SAST" duration-ms="45">
      <class name="test.day4">
        <test-method signature="LoginAPIhomeLoan()[pri:0, instance:test.day4@16a0ee18]" started-at="2023-12-08T10:49:26 SAST" name="LoginAPIhomeLoan" finished-at="2023-12-08T10:49:26 SAST" duration-ms="2" status="PASS">
          <reporter-output>
          </reporter-output>
        </test-method> <!-- LoginAPIhomeLoan -->
        <test-method signature="MobileloginhomeLoan()[pri:0, instance:test.day4@16a0ee18]" started-at="2023-12-08T10:49:26 SAST" name="MobileloginhomeLoan" finished-at="2023-12-08T10:49:26 SAST" duration-ms="1" status="PASS">
          <reporter-output>
          </reporter-output>
        </test-method> <!-- MobileloginhomeLoan -->
        <test-method signature="webloginHome(java.lang.String)[pri:0, instance:test.day4@16a0ee18]" started-at="2023-12-08T10:49:26 SAST" name="webloginHome" finished-at="2023-12-08T10:49:26 SAST" duration-ms="1" status="PASS">
          <params>
            <param index="0">
              <value>
                <![CDATA[personalloan.com]]>
              </value>
            </param>
          </params>
          <reporter-output>
          </reporter-output>
        </test-method> <!-- webloginHome -->
      </class> <!-- test.day4 -->
      <class name="test.day2">
        <test-method is-config="true" signature="prerequisite()[pri:0, instance:test.day2@2a54a73f]" started-at="2023-12-08T10:49:26 SAST" name="prerequisite" finished-at="2023-12-08T10:49:26 SAST" duration-ms="0" status="PASS">
          <reporter-output>
          </reporter-output>
        </test-method> <!-- prerequisite -->
        <test-method signature="ploan()[pri:0, instance:test.day2@2a54a73f]" started-at="2023-12-08T10:49:26 SAST" name="ploan" finished-at="2023-12-08T10:49:26 SAST" duration-ms="1" status="PASS">
          <reporter-output>
          </reporter-output>
        </test-method> <!-- ploan -->
      </class> <!-- test.day2 -->
      <class name="test.day1">
        <test-method signature="Demo()[pri:0, instance:test.day1@6d4e5011]" started-at="2023-12-08T10:49:26 SAST" name="Demo" finished-at="2023-12-08T10:49:26 SAST" duration-ms="4" status="PASS">
          <reporter-output>
          </reporter-output>
        </test-method> <!-- Demo -->
        <test-method is-config="true" signature="lastExecution()[pri:0, instance:test.day1@6d4e5011]" started-at="2023-12-08T10:49:26 SAST" name="lastExecution" finished-at="2023-12-08T10:49:26 SAST" duration-ms="0" status="PASS">
          <reporter-output>
          </reporter-output>
        </test-method> <!-- lastExecution -->
      </class> <!-- test.day1 -->
    </test> <!-- Personal Loan -->
    <test started-at="2023-12-08T10:49:26 SAST" name="Car Loan" finished-at="2023-12-08T10:49:26 SAST" duration-ms="19">
      <class name="test.day3">
        <test-method is-config="true" signature="Bfsuite()[pri:0, instance:test.day3@3cebbb30]" started-at="2023-12-08T10:49:26 SAST" name="Bfsuite" finished-at="2023-12-08T10:49:26 SAST" duration-ms="5" status="PASS">
          <reporter-output>
          </reporter-output>
        </test-method> <!-- Bfsuite -->
        <test-method is-config="true" signature="befoclas()[pri:0, instance:test.day3@3cebbb30]" started-at="2023-12-08T10:49:26 SAST" name="befoclas" finished-at="2023-12-08T10:49:26 SAST" duration-ms="0" status="PASS">
          <reporter-output>
          </reporter-output>
        </test-method> <!-- befoclas -->
        <test-method is-config="true" signature="beforeEvery()[pri:0, instance:test.day3@3cebbb30]" started-at="2023-12-08T10:49:26 SAST" name="beforeEvery" finished-at="2023-12-08T10:49:26 SAST" duration-ms="0" status="PASS">
          <reporter-output>
          </reporter-output>
        </test-method> <!-- beforeEvery -->
        <test-method signature="MobileSigoutcarLoan(java.lang.String,java.lang.String)[pri:0, instance:test.day3@3cebbb30]" started-at="2023-12-08T10:49:26 SAST" name="MobileSigoutcarLoan" data-provider="getData" finished-at="2023-12-08T10:49:26 SAST" duration-ms="2" status="PASS">
          <params>
            <param index="0">
              <value>
                <![CDATA[firstsetusername]]>
              </value>
            </param>
            <param index="1">
              <value>
                <![CDATA[firstsetpassword]]>
              </value>
            </param>
          </params>
          <reporter-output>
          </reporter-output>
        </test-method> <!-- MobileSigoutcarLoan -->
        <test-method is-config="true" signature="afteclas()[pri:0, instance:test.day3@3cebbb30]" started-at="2023-12-08T10:49:26 SAST" name="afteclas" finished-at="2023-12-08T10:49:26 SAST" duration-ms="0" status="PASS">
          <reporter-output>
          </reporter-output>
        </test-method> <!-- afteclas -->
        <test-method signature="MobileSigoutcarLoan(java.lang.String,java.lang.String)[pri:0, instance:test.day3@3cebbb30]" started-at="2023-12-08T10:49:26 SAST" name="MobileSigoutcarLoan" data-provider="getData" finished-at="2023-12-08T10:49:26 SAST" duration-ms="0" status="PASS">
          <params>
            <param index="0">
              <value>
                <![CDATA[secondsetusername]]>
              </value>
            </param>
            <param index="1">
              <value>
                <![CDATA[secondsetpassword]]>
              </value>
            </param>
          </params>
          <reporter-output>
          </reporter-output>
        </test-method> <!-- MobileSigoutcarLoan -->
        <test-method is-config="true" signature="beforeEvery()[pri:0, instance:test.day3@3cebbb30]" started-at="2023-12-08T10:49:26 SAST" name="beforeEvery" finished-at="2023-12-08T10:49:26 SAST" duration-ms="0" status="PASS">
          <reporter-output>
          </reporter-output>
        </test-method> <!-- beforeEvery -->
        <test-method is-config="true" signature="afteclas()[pri:0, instance:test.day3@3cebbb30]" started-at="2023-12-08T10:49:26 SAST" name="afteclas" finished-at="2023-12-08T10:49:26 SAST" duration-ms="0" status="PASS">
          <reporter-output>
          </reporter-output>
        </test-method> <!-- afteclas -->
        <test-method is-config="true" signature="beforeEvery()[pri:0, instance:test.day3@3cebbb30]" started-at="2023-12-08T10:49:26 SAST" name="beforeEvery" finished-at="2023-12-08T10:49:26 SAST" duration-ms="1" status="PASS">
          <reporter-output>
          </reporter-output>
        </test-method> <!-- beforeEvery -->
        <test-method signature="MobileSigoutcarLoan(java.lang.String,java.lang.String)[pri:0, instance:test.day3@3cebbb30]" started-at="2023-12-08T10:49:26 SAST" name="MobileSigoutcarLoan" data-provider="getData" finished-at="2023-12-08T10:49:26 SAST" duration-ms="1" status="PASS">
          <params>
            <param index="0">
              <value>
                <![CDATA[thirdsetusername]]>
              </value>
            </param>
            <param index="1">
              <value>
                <![CDATA[thirdsetpassword]]>
              </value>
            </param>
          </params>
          <reporter-output>
          </reporter-output>
        </test-method> <!-- MobileSigoutcarLoan -->
        <test-method is-config="true" signature="beforeEvery()[pri:0, instance:test.day3@3cebbb30]" started-at="2023-12-08T10:49:26 SAST" name="beforeEvery" finished-at="2023-12-08T10:49:26 SAST" duration-ms="0" status="PASS">
          <reporter-output>
          </reporter-output>
        </test-method> <!-- beforeEvery -->
        <test-method signature="MobilelogincarLoan()[pri:0, instance:test.day3@3cebbb30]" started-at="2023-12-08T10:49:26 SAST" name="MobilelogincarLoan" finished-at="2023-12-08T10:49:26 SAST" duration-ms="1" status="PASS">
          <reporter-output>
          </reporter-output>
        </test-method> <!-- MobilelogincarLoan -->
        <test-method is-config="true" signature="afteclas()[pri:0, instance:test.day3@3cebbb30]" started-at="2023-12-08T10:49:26 SAST" name="afteclas" finished-at="2023-12-08T10:49:26 SAST" duration-ms="0" status="PASS">
          <reporter-output>
          </reporter-output>
        </test-method> <!-- afteclas -->
        <test-method is-config="true" signature="afteclas()[pri:0, instance:test.day3@3cebbb30]" started-at="2023-12-08T10:49:26 SAST" name="afteclas" finished-at="2023-12-08T10:49:26 SAST" duration-ms="0" status="PASS">
          <reporter-output>
          </reporter-output>
        </test-method> <!-- afteclas -->
        <test-method is-config="true" signature="beforeEvery()[pri:0, instance:test.day3@3cebbb30]" started-at="2023-12-08T10:49:26 SAST" name="beforeEvery" finished-at="2023-12-08T10:49:26 SAST" duration-ms="0" status="PASS">
          <reporter-output>
          </reporter-output>
        </test-method> <!-- beforeEvery -->
        <test-method signature="weblogincarLoan(java.lang.String,java.lang.String)[pri:0, instance:test.day3@3cebbb30]" started-at="2023-12-08T10:49:26 SAST" name="weblogincarLoan" finished-at="2023-12-08T10:49:26 SAST" duration-ms="1" status="PASS">
          <params>
            <param index="0">
              <value>
                <![CDATA[carloan.com]]>
              </value>
            </param>
            <param index="1">
              <value>
                <![CDATA[123456]]>
              </value>
            </param>
          </params>
          <reporter-output>
          </reporter-output>
        </test-method> <!-- weblogincarLoan -->
        <test-method is-config="true" signature="afteclas()[pri:0, instance:test.day3@3cebbb30]" started-at="2023-12-08T10:49:26 SAST" name="afteclas" finished-at="2023-12-08T10:49:26 SAST" duration-ms="0" status="PASS">
          <reporter-output>
          </reporter-output>
        </test-method> <!-- afteclas -->
        <test-method is-config="true" signature="afterEvery()[pri:0, instance:test.day3@3cebbb30]" started-at="2023-12-08T10:49:26 SAST" name="afterEvery" finished-at="2023-12-08T10:49:26 SAST" duration-ms="0" status="PASS">
          <reporter-output>
          </reporter-output>
        </test-method> <!-- afterEvery -->
      </class> <!-- test.day3 -->
      <class name="test.day1">
        <test-method is-config="true" signature="afsuite()[pri:0, instance:test.day1@6d4e5011]" started-at="2023-12-08T10:49:26 SAST" name="afsuite" finished-at="2023-12-08T10:49:26 SAST" duration-ms="0" status="PASS">
          <reporter-output>
          </reporter-output>
        </test-method> <!-- afsuite -->
      </class> <!-- test.day1 -->
    </test> <!-- Car Loan -->
  </suite> <!-- Loan Department -->
</testng-results>
